[2015-09-10 17:28:56.083] [INFO] private-api - ===================================================
[2015-09-10 17:28:56.084] [INFO] private-api - Start Private RESTful API Service.
[2015-09-10 17:28:56.084] [INFO] private-api - PID 29873.
[2015-09-10 17:28:56.084] [INFO] private-api - Server listening on port 3000.
[2015-09-10 17:28:56.085] [INFO] private-api - Ready.
[2015-09-11 10:54:59.916] [INFO] private-api - ===================================================
[2015-09-11 10:54:59.917] [INFO] private-api - Start Private RESTful API Service.
[2015-09-11 10:54:59.918] [INFO] private-api - PID 6948.
[2015-09-11 10:54:59.918] [INFO] private-api - Server listening on port 3000.
[2015-09-11 10:54:59.918] [INFO] private-api - Ready.
[2015-09-11 11:13:11.632] [INFO] private-api - ===================================================
[2015-09-11 11:13:11.633] [INFO] private-api - Start Private RESTful API Service.
[2015-09-11 11:13:11.634] [INFO] private-api - PID 7204.
[2015-09-11 11:13:11.634] [INFO] private-api - Server listening on port 3000.
[2015-09-11 11:13:11.634] [INFO] private-api - Ready.
[2015-09-11 11:15:23.047] [INFO] private-api - ===================================================
[2015-09-11 11:15:23.048] [INFO] private-api - Start Private RESTful API Service.
[2015-09-11 11:15:23.048] [INFO] private-api - PID 7232.
[2015-09-11 11:15:23.048] [INFO] private-api - Server listening on port 3000.
[2015-09-11 11:15:23.048] [INFO] private-api - Ready.
[2015-09-11 11:16:54.423] [INFO] private-api - ===================================================
[2015-09-11 11:16:54.424] [INFO] private-api - Start Private RESTful API Service.
[2015-09-11 11:16:54.424] [INFO] private-api - PID 7263.
[2015-09-11 11:16:54.424] [INFO] private-api - Server listening on port 3000.
[2015-09-11 11:16:54.424] [INFO] private-api - Ready.
[2015-09-11 11:17:30.682] [INFO] private-api - ===================================================
[2015-09-11 11:17:30.683] [INFO] private-api - Start Private RESTful API Service.
[2015-09-11 11:17:30.683] [INFO] private-api - PID 7295.
[2015-09-11 11:17:30.683] [INFO] private-api - Server listening on port 3000.
[2015-09-11 11:17:30.683] [INFO] private-api - Ready.
[2015-09-11 11:17:53.904] [INFO] private-api - ===================================================
[2015-09-11 11:17:53.905] [INFO] private-api - Start Private RESTful API Service.
[2015-09-11 11:17:53.905] [INFO] private-api - PID 7323.
[2015-09-11 11:17:53.906] [INFO] private-api - Server listening on port 3000.
[2015-09-11 11:17:53.906] [INFO] private-api - Ready.
[2015-09-11 11:23:12.191] [INFO] private-api - ===================================================
[2015-09-11 11:23:12.192] [INFO] private-api - Start Private RESTful API Service.
[2015-09-11 11:23:12.193] [INFO] private-api - PID 7409.
[2015-09-11 11:23:12.193] [INFO] private-api - Server listening on port 3000.
[2015-09-11 11:23:12.193] [INFO] private-api - Ready.
[2015-09-11 11:28:10.968] [INFO] private-api - ===================================================
[2015-09-11 11:28:10.969] [INFO] private-api - Start Private RESTful API Service.
[2015-09-11 11:28:10.969] [INFO] private-api - PID 7459.
[2015-09-11 11:28:10.969] [INFO] private-api - Server listening on port 3000.
[2015-09-11 11:28:10.969] [INFO] private-api - Ready.
[2015-09-11 11:31:20.508] [INFO] private-api - ===================================================
[2015-09-11 11:31:20.509] [INFO] private-api - Start Private RESTful API Service.
[2015-09-11 11:31:20.510] [INFO] private-api - PID 7497.
[2015-09-11 11:31:20.510] [INFO] private-api - Server listening on port 3000.
[2015-09-11 11:31:20.510] [INFO] private-api - Ready.
[2015-09-11 11:36:45.968] [INFO] private-api - ===================================================
[2015-09-11 11:36:45.969] [INFO] private-api - Start Private RESTful API Service.
[2015-09-11 11:36:45.969] [INFO] private-api - PID 7780.
[2015-09-11 11:36:45.969] [INFO] private-api - Server listening on port 3000.
[2015-09-11 11:36:45.969] [INFO] private-api - Ready.
[2015-09-11 11:41:51.066] [INFO] private-api - ===================================================
[2015-09-11 11:41:51.067] [INFO] private-api - Start Private RESTful API Service.
[2015-09-11 11:41:51.068] [INFO] private-api - PID 7972.
[2015-09-11 11:41:51.068] [INFO] private-api - Server listening on port 3000.
[2015-09-11 11:41:51.068] [INFO] private-api - Ready.
[2015-09-11 11:57:01.081] [INFO] private-api - ===================================================
[2015-09-11 11:57:01.082] [INFO] private-api - Start Private RESTful API Service.
[2015-09-11 11:57:01.082] [INFO] private-api - PID 8730.
[2015-09-11 11:57:01.082] [INFO] private-api - Server listening on port 3000.
[2015-09-11 11:57:01.082] [INFO] private-api - Ready.
[2015-09-11 13:15:39.746] [INFO] private-api - ===================================================
[2015-09-11 13:15:39.747] [INFO] private-api - Start Private RESTful API Service.
[2015-09-11 13:15:39.747] [INFO] private-api - PID 10233.
[2015-09-11 13:15:39.747] [INFO] private-api - Server listening on port 3000.
[2015-09-11 13:15:39.747] [INFO] private-api - Ready.
[2015-09-17 18:13:42.784] [INFO] private-api - ===================================================
[2015-09-17 18:13:42.785] [INFO] private-api - Start Private RESTful API Service.
[2015-09-17 18:13:42.786] [INFO] private-api - PID 10476.
[2015-09-17 18:13:42.786] [INFO] private-api - Server listening on port 3001.
[2015-09-17 18:13:42.786] [INFO] private-api - Ready.
